<?xml version="1.0" encoding="UTF-8"?>
<!-- Generated by org.testng.reporters.JUnitReportReporter -->
<testsuite hostname="192.168.1.35" failures="0" tests="1" name="runner.TestRunner" time="13.257" errors="0" timestamp="2025-09-08T15:35:41 TRT" skipped="0">
  <testcase classname="runner.TestRunner" name="runScenario" time="13.257"/>
</testsuite> <!-- runner.TestRunner -->
